AR-Navigation-BK/Library/Bee/Android/Prj/IL2CPP/Gradle/unityLibrary/build/intermediates/manifest_merge_blame_file/release/manifest-merger-blame-release-report.txt
1<?xml version="1.0" encoding="utf-8"?>
2<manifest xmlns:android="http://schemas.android.com/apk/res/android"
3    xmlns:tools="http://schemas.android.com/tools"
4    package="com.unity3d.player" >
5
6    <uses-sdk android:minSdkVersion="24" />
6-->src\main\AndroidManifest.xml
7
8    <uses-permission android:name="android.permission.INTERNET" />
8-->src\main\AndroidManifest.xml:3:3-65
8-->src\main\AndroidManifest.xml:3:20-62
9    <uses-permission android:name="android.permission.ACCESS_FINE_LOCATION" />
9-->src\main\AndroidManifest.xml:4:3-77
9-->src\main\AndroidManifest.xml:4:20-74
10    <uses-permission android:name="android.permission.ACCESS_COARSE_LOCATION" />
10-->src\main\AndroidManifest.xml:5:3-79
10-->src\main\AndroidManifest.xml:5:20-76
11
12    <uses-feature android:glEsVersion="0x00030000" />
12-->src\main\AndroidManifest.xml:6:3-52
12-->src\main\AndroidManifest.xml:6:17-49
13    <uses-feature
13-->src\main\AndroidManifest.xml:7:3-89
14        android:name="android.hardware.location.gps"
14-->src\main\AndroidManifest.xml:7:17-61
15        android:required="false" />
15-->src\main\AndroidManifest.xml:7:62-86
16    <uses-feature
16-->src\main\AndroidManifest.xml:8:3-85
17        android:name="android.hardware.location"
17-->src\main\AndroidManifest.xml:8:17-57
18        android:required="false" />
18-->src\main\AndroidManifest.xml:8:58-82
19    <uses-feature
19-->src\main\AndroidManifest.xml:9:3-88
20        android:name="android.hardware.touchscreen"
20-->src\main\AndroidManifest.xml:9:17-60
21        android:required="false" />
21-->src\main\AndroidManifest.xml:9:61-85
22    <uses-feature
22-->src\main\AndroidManifest.xml:10:3-99
23        android:name="android.hardware.touchscreen.multitouch"
23-->src\main\AndroidManifest.xml:10:17-71
24        android:required="false" />
24-->src\main\AndroidManifest.xml:10:72-96
25    <uses-feature
25-->src\main\AndroidManifest.xml:11:3-108
26        android:name="android.hardware.touchscreen.multitouch.distinct"
26-->src\main\AndroidManifest.xml:11:17-80
27        android:required="false" />
27-->src\main\AndroidManifest.xml:11:81-105
28
29    <uses-permission android:name="android.permission.CAMERA" />
29-->src\main\AndroidManifest.xml:30:3-63
29-->src\main\AndroidManifest.xml:30:20-60
30
31    <uses-feature
31-->src\main\AndroidManifest.xml:31:3-85
32        android:name="android.hardware.camera.ar"
32-->src\main\AndroidManifest.xml:31:17-58
33        android:required="true" />
33-->src\main\AndroidManifest.xml:31:59-82
34    <uses-feature
34-->src\main\AndroidManifest.xml:32:3-83
35        android:name="com.google.ar.core.depth"
35-->src\main\AndroidManifest.xml:32:17-56
36        android:required="true" />
36-->src\main\AndroidManifest.xml:32:57-80
37
38    <application android:extractNativeLibs="true" >
38-->src\main\AndroidManifest.xml:12:3-29:17
38-->src\main\AndroidManifest.xml:12:16-48
39        <meta-data
39-->src\main\AndroidManifest.xml:13:5-69
40            android:name="unity.splash-mode"
40-->src\main\AndroidManifest.xml:13:16-48
41            android:value="0" />
41-->src\main\AndroidManifest.xml:13:49-66
42        <meta-data
42-->src\main\AndroidManifest.xml:14:5-74
43            android:name="unity.splash-enable"
43-->src\main\AndroidManifest.xml:14:16-50
44            android:value="True" />
44-->src\main\AndroidManifest.xml:14:51-71
45        <meta-data
45-->src\main\AndroidManifest.xml:15:5-78
46            android:name="unity.launch-fullscreen"
46-->src\main\AndroidManifest.xml:15:16-54
47            android:value="True" />
47-->src\main\AndroidManifest.xml:15:55-75
48        <meta-data
48-->src\main\AndroidManifest.xml:16:5-84
49            android:name="unity.render-outside-safearea"
49-->src\main\AndroidManifest.xml:16:16-60
50            android:value="True" />
50-->src\main\AndroidManifest.xml:16:61-81
51        <meta-data
51-->src\main\AndroidManifest.xml:17:5-81
52            android:name="notch.config"
52-->src\main\AndroidManifest.xml:17:16-43
53            android:value="portrait|landscape" />
53-->src\main\AndroidManifest.xml:17:44-78
54        <meta-data
54-->src\main\AndroidManifest.xml:18:5-84
55            android:name="unity.auto-report-fully-drawn"
55-->src\main\AndroidManifest.xml:18:16-60
56            android:value="true" />
56-->src\main\AndroidManifest.xml:18:61-81
57
58        <activity
58-->src\main\AndroidManifest.xml:19:5-26:16
59            android:name="com.unity3d.player.UnityPlayerActivity"
59-->src\main\AndroidManifest.xml:19:15-68
60            android:configChanges="mcc|mnc|locale|touchscreen|keyboard|keyboardHidden|navigation|orientation|screenLayout|uiMode|screenSize|smallestScreenSize|fontScale|layoutDirection|density"
60-->src\main\AndroidManifest.xml:19:180-361
61            android:exported="true"
61-->src\main\AndroidManifest.xml:19:433-456
62            android:hardwareAccelerated="false"
62-->src\main\AndroidManifest.xml:19:397-432
63            android:launchMode="singleTask"
63-->src\main\AndroidManifest.xml:19:148-179
64            android:resizeableActivity="false"
64-->src\main\AndroidManifest.xml:19:362-396
65            android:screenOrientation="fullUser"
65-->src\main\AndroidManifest.xml:19:111-147
66            android:theme="@style/UnityThemeSelector" >
66-->src\main\AndroidManifest.xml:19:69-110
67            <intent-filter>
67-->src\main\AndroidManifest.xml:20:7-23:23
68                <category android:name="android.intent.category.LAUNCHER" />
68-->src\main\AndroidManifest.xml:21:9-69
68-->src\main\AndroidManifest.xml:21:19-66
69
70                <action android:name="android.intent.action.MAIN" />
70-->src\main\AndroidManifest.xml:22:9-61
70-->src\main\AndroidManifest.xml:22:17-58
71            </intent-filter>
72
73            <meta-data
73-->src\main\AndroidManifest.xml:24:7-82
74                android:name="unityplayer.UnityActivity"
74-->src\main\AndroidManifest.xml:24:18-58
75                android:value="true" />
75-->src\main\AndroidManifest.xml:24:59-79
76            <meta-data
76-->src\main\AndroidManifest.xml:25:7-70
77                android:name="notch_support"
77-->src\main\AndroidManifest.xml:25:18-46
78                android:value="true" />
78-->src\main\AndroidManifest.xml:25:47-67
79        </activity>
80
81        <meta-data
81-->src\main\AndroidManifest.xml:27:5-88
82            android:name="unityplayer.SkipPermissionsDialog"
82-->src\main\AndroidManifest.xml:27:16-64
83            android:value="true" />
83-->src\main\AndroidManifest.xml:27:65-85
84        <meta-data
84-->src\main\AndroidManifest.xml:28:5-77
85            android:name="com.google.ar.core"
85-->src\main\AndroidManifest.xml:28:16-49
86            android:value="required" />
86-->src\main\AndroidManifest.xml:28:50-74
87    </application>
88
89</manifest>